#1 [internal] load .dockerignore
#1 transferring context: 2B done
#1 DONE 0.0s

#2 [internal] load build definition from Dockerfile.gstreamer
#2 transferring dockerfile: 164B 0.0s done
#2 DONE 0.0s

#3 [internal] load metadata for docker.io/bittles999/hassio-gst-base:ubuntu
#3 DONE 0.0s

#4 [internal] load metadata for docker.io/bittles999/hassio-gst-compile:ubuntu
#4 DONE 0.0s

#5 [stage-0 1/1] FROM docker.io/bittles999/hassio-gst-compile:ubuntu
#5 DONE 0.2s

#6 [stage-1 1/2] FROM docker.io/bittles999/hassio-gst-base:ubuntu
#6 DONE 0.1s

#7 [stage-1 2/2] COPY --from=0 /compiled-binaries /
#7 DONE 0.4s

#8 exporting to image
#8 exporting layers
#8 exporting layers 0.6s done
#8 writing image sha256:e8f23c8ebf24ab1c862c0c7cdca29d31609c897c514a997de7600b8ae83cb8d5
#8 writing image sha256:e8f23c8ebf24ab1c862c0c7cdca29d31609c897c514a997de7600b8ae83cb8d5 done
#8 naming to docker.io/bittles999/hassio-gstreamer:ubuntu done
#8 DONE 0.6s
