#1 [internal] load build definition from Dockerfile.build-deps
#1 transferring dockerfile: 230B done
#1 DONE 0.0s

#2 [internal] load .dockerignore
#2 transferring context: 2B done
#2 DONE 0.0s

#3 [internal] load metadata for docker.io/bittles999/addon-ubuntu-base-jammy:latest
#3 DONE 0.0s

#4 [1/4] FROM docker.io/bittles999/addon-ubuntu-base-jammy
#4 DONE 0.0s

#5 [internal] load build context
#5 transferring context: 2.92kB done
#5 DONE 0.0s

#6 [2/4] COPY docker/build-gstreamer/install-build-deps /
#6 CACHED

#7 [3/4] RUN ["/install-build-deps"]
#7 CACHED

#8 [4/4] RUN     apt-get clean &&     rm -rf /var/lib/apt/lists/*
#8 CACHED

#9 exporting to image
#9 exporting layers done
#9 writing image sha256:9de4ac8e9eafbb83fa240d060120ab627baa6a8de71c14428ee945d383d86657 done
#9 naming to docker.io/bittles999/hassio-gst-build-deps:ubuntu done
#9 DONE 0.0s
